C:\myFiles\Projects\Tropicana\Tropicana\ClientApp\dist\out-tsc\e2e\src\app.po.js
C:\myFiles\Projects\Tropicana\Tropicana\ClientApp\dist\out-tsc\e2e\src\app.po.js.map
C:\myFiles\Projects\Tropicana\Tropicana\ClientApp\dist\out-tsc\e2e\src\app.e2e-spec.js
C:\myFiles\Projects\Tropicana\Tropicana\ClientApp\dist\out-tsc\e2e\src\app.e2e-spec.js.map
C:\myFiles\Projects\Tropicana\Tropicana\ClientApp\dist\out-tsc\src\app\features\home\home-routing.module.js
C:\myFiles\Projects\Tropicana\Tropicana\ClientApp\dist\out-tsc\src\app\features\home\home-routing.module.js.map
C:\myFiles\Projects\Tropicana\Tropicana\ClientApp\dist\out-tsc\src\app\features\home\landing\landing.component.js
C:\myFiles\Projects\Tropicana\Tropicana\ClientApp\dist\out-tsc\src\app\features\home\landing\landing.component.js.map
C:\myFiles\Projects\Tropicana\Tropicana\ClientApp\dist\out-tsc\src\app\features\home\home.module.js
C:\myFiles\Projects\Tropicana\Tropicana\ClientApp\dist\out-tsc\src\app\features\home\home.module.js.map
C:\myFiles\Projects\Tropicana\Tropicana\ClientApp\dist\out-tsc\src\app\features\account\payments\payments.component.js
C:\myFiles\Projects\Tropicana\Tropicana\ClientApp\dist\out-tsc\src\app\features\account\payments\payments.component.js.map
C:\myFiles\Projects\Tropicana\Tropicana\ClientApp\dist\out-tsc\src\environments\environment.js
C:\myFiles\Projects\Tropicana\Tropicana\ClientApp\dist\out-tsc\src\environments\environment.js.map
C:\myFiles\Projects\Tropicana\Tropicana\ClientApp\dist\out-tsc\src\app\constants\app.constants.js
C:\myFiles\Projects\Tropicana\Tropicana\ClientApp\dist\out-tsc\src\app\constants\app.constants.js.map
C:\myFiles\Projects\Tropicana\Tropicana\ClientApp\dist\out-tsc\src\app\services\account.service.js
C:\myFiles\Projects\Tropicana\Tropicana\ClientApp\dist\out-tsc\src\app\services\account.service.js.map
C:\myFiles\Projects\Tropicana\Tropicana\ClientApp\dist\out-tsc\src\app\features\account\details\details.component.js
C:\myFiles\Projects\Tropicana\Tropicana\ClientApp\dist\out-tsc\src\app\features\account\details\details.component.js.map
C:\myFiles\Projects\Tropicana\Tropicana\ClientApp\dist\out-tsc\src\app\features\account\account-routing.module.js
C:\myFiles\Projects\Tropicana\Tropicana\ClientApp\dist\out-tsc\src\app\features\account\account-routing.module.js.map
C:\myFiles\Projects\Tropicana\Tropicana\ClientApp\dist\out-tsc\src\app\features\account\account.module.js
C:\myFiles\Projects\Tropicana\Tropicana\ClientApp\dist\out-tsc\src\app\features\account\account.module.js.map
C:\myFiles\Projects\Tropicana\Tropicana\ClientApp\dist\out-tsc\src\app\app-routing.module.js
C:\myFiles\Projects\Tropicana\Tropicana\ClientApp\dist\out-tsc\src\app\app-routing.module.js.map
C:\myFiles\Projects\Tropicana\Tropicana\ClientApp\dist\out-tsc\src\app\app.component.js
C:\myFiles\Projects\Tropicana\Tropicana\ClientApp\dist\out-tsc\src\app\app.component.js.map
C:\myFiles\Projects\Tropicana\Tropicana\ClientApp\dist\out-tsc\src\app\features\security\security-routing.module.js
C:\myFiles\Projects\Tropicana\Tropicana\ClientApp\dist\out-tsc\src\app\features\security\security-routing.module.js.map
C:\myFiles\Projects\Tropicana\Tropicana\ClientApp\dist\out-tsc\src\app\features\security\login\login.component.js
C:\myFiles\Projects\Tropicana\Tropicana\ClientApp\dist\out-tsc\src\app\features\security\login\login.component.js.map
C:\myFiles\Projects\Tropicana\Tropicana\ClientApp\dist\out-tsc\src\app\features\security\signup\signup.component.js
C:\myFiles\Projects\Tropicana\Tropicana\ClientApp\dist\out-tsc\src\app\features\security\signup\signup.component.js.map
C:\myFiles\Projects\Tropicana\Tropicana\ClientApp\dist\out-tsc\src\app\features\security\security.module.js
C:\myFiles\Projects\Tropicana\Tropicana\ClientApp\dist\out-tsc\src\app\features\security\security.module.js.map
C:\myFiles\Projects\Tropicana\Tropicana\ClientApp\dist\out-tsc\src\app\services\home.service.js
C:\myFiles\Projects\Tropicana\Tropicana\ClientApp\dist\out-tsc\src\app\services\home.service.js.map
C:\myFiles\Projects\Tropicana\Tropicana\ClientApp\dist\out-tsc\src\app\app.module.js
C:\myFiles\Projects\Tropicana\Tropicana\ClientApp\dist\out-tsc\src\app\app.module.js.map
C:\myFiles\Projects\Tropicana\Tropicana\ClientApp\dist\out-tsc\src\main.js
C:\myFiles\Projects\Tropicana\Tropicana\ClientApp\dist\out-tsc\src\main.js.map
C:\myFiles\Projects\Tropicana\Tropicana\ClientApp\dist\out-tsc\src\polyfills.js
C:\myFiles\Projects\Tropicana\Tropicana\ClientApp\dist\out-tsc\src\polyfills.js.map
C:\myFiles\Projects\Tropicana\Tropicana\ClientApp\dist\out-tsc\src\test.js
C:\myFiles\Projects\Tropicana\Tropicana\ClientApp\dist\out-tsc\src\test.js.map
C:\myFiles\Projects\Tropicana\Tropicana\ClientApp\dist\out-tsc\src\app\app.component.spec.js
C:\myFiles\Projects\Tropicana\Tropicana\ClientApp\dist\out-tsc\src\app\app.component.spec.js.map
C:\myFiles\Projects\Tropicana\Tropicana\ClientApp\dist\out-tsc\src\app\features\account\details\details.component.spec.js
C:\myFiles\Projects\Tropicana\Tropicana\ClientApp\dist\out-tsc\src\app\features\account\details\details.component.spec.js.map
C:\myFiles\Projects\Tropicana\Tropicana\ClientApp\dist\out-tsc\src\app\features\account\payments\payments.component.spec.js
C:\myFiles\Projects\Tropicana\Tropicana\ClientApp\dist\out-tsc\src\app\features\account\payments\payments.component.spec.js.map
C:\myFiles\Projects\Tropicana\Tropicana\ClientApp\dist\out-tsc\src\app\features\home\landing\landing.component.spec.js
C:\myFiles\Projects\Tropicana\Tropicana\ClientApp\dist\out-tsc\src\app\features\home\landing\landing.component.spec.js.map
C:\myFiles\Projects\Tropicana\Tropicana\ClientApp\dist\out-tsc\src\app\features\security\login\login.component.spec.js
C:\myFiles\Projects\Tropicana\Tropicana\ClientApp\dist\out-tsc\src\app\features\security\login\login.component.spec.js.map
C:\myFiles\Projects\Tropicana\Tropicana\ClientApp\dist\out-tsc\src\app\features\security\signup\signup.component.spec.js
C:\myFiles\Projects\Tropicana\Tropicana\ClientApp\dist\out-tsc\src\app\features\security\signup\signup.component.spec.js.map
C:\myFiles\Projects\Tropicana\Tropicana\ClientApp\dist\out-tsc\src\app\services\user.service.js
C:\myFiles\Projects\Tropicana\Tropicana\ClientApp\dist\out-tsc\src\app\services\user.service.js.map
C:\myFiles\Projects\Tropicana\Tropicana\ClientApp\dist\out-tsc\src\environments\environment.prod.js
C:\myFiles\Projects\Tropicana\Tropicana\ClientApp\dist\out-tsc\src\environments\environment.prod.js.map
